Current User: stdClass Object
(
    [id] => 19
    [email] => admin@gmail.com
    [role] => admin
)
Current User: stdClass Object
(
    [id] => 19
    [email] => admin@gmail.com
    [role] => admin
)
Current User: stdClass Object
(
    [id] => 19
    [email] => admin@gmail.com
    [role] => admin
)
Current User: stdClass Object
(
    [id] => 19
    [email] => admin@gmail.com
    [role] => admin
)
Current User: stdClass Object
(
    [id] => 19
    [email] => admin@gmail.com
    [role] => admin
)
Current User: stdClass Object
(
    [id] => 19
    [email] => admin@gmail.com
    [role] => admin
)
Current User: stdClass Object
(
    [id] => 19
    [email] => admin@gmail.com
    [role] => admin
)
Current User: stdClass Object
(
    [id] => 19
    [email] => admin@gmail.com
    [role] => admin
)
Current User: stdClass Object
(
    [id] => 19
    [email] => admin@gmail.com
    [role] => admin
)
Current User: stdClass Object
(
    [id] => 19
    [email] => admin@gmail.com
    [role] => admin
)
Current User: stdClass Object
(
    [id] => 19
    [email] => admin@gmail.com
    [role] => admin
)
Current User: stdClass Object
(
    [id] => 19
    [email] => admin@gmail.com
    [role] => admin
)
Current User: stdClass Object
(
    [id] => 19
    [email] => admin@gmail.com
    [role] => admin
)
Current User: stdClass Object
(
    [id] => 19
    [email] => admin@gmail.com
    [role] => admin
)
Current User: stdClass Object
(
    [id] => 19
    [email] => admin@gmail.com
    [role] => admin
)
Current User: stdClass Object
(
    [id] => 19
    [email] => admin@gmail.com
    [role] => admin
)
Current User: stdClass Object
(
    [id] => 19
    [email] => admin@gmail.com
    [role] => admin
)
Current User: stdClass Object
(
    [id] => 19
    [email] => admin@gmail.com
    [role] => admin
)
Current User: stdClass Object
(
    [id] => 19
    [email] => admin@gmail.com
    [role] => admin
)
Current User: stdClass Object
(
    [id] => 19
    [email] => admin@gmail.com
    [role] => admin
)
Current User: stdClass Object
(
    [id] => 19
    [email] => admin@gmail.com
    [role] => admin
)
